  main.cpp
c:\users\rnrjs\desktop\개발\opengl\homework2\homework2\main.cpp(99): warning C4244: '인수': 'time_t'에서 'unsigned int'(으)로 변환하면서 데이터가 손실될 수 있습니다.
c:\users\rnrjs\desktop\개발\opengl\homework2\homework2\main.cpp(135): warning C4244: '초기화 중': 'int'에서 'float'(으)로 변환하면서 데이터가 손실될 수 있습니다.
c:\users\rnrjs\desktop\개발\opengl\homework2\homework2\main.cpp(139): warning C4244: '=': 'float'에서 'int'(으)로 변환하면서 데이터가 손실될 수 있습니다.
c:\users\rnrjs\desktop\개발\opengl\homework2\homework2\main.cpp(141): warning C4244: '=': 'float'에서 'int'(으)로 변환하면서 데이터가 손실될 수 있습니다.
c:\users\rnrjs\desktop\개발\opengl\homework2\homework2\main.cpp(143): warning C4244: '=': 'float'에서 'int'(으)로 변환하면서 데이터가 손실될 수 있습니다.
c:\users\rnrjs\desktop\개발\opengl\homework2\homework2\main.cpp(316): warning C4244: '=': 'float'에서 'int'(으)로 변환하면서 데이터가 손실될 수 있습니다.
c:\users\rnrjs\desktop\개발\opengl\homework2\homework2\main.cpp(317): warning C4244: '=': 'float'에서 'int'(으)로 변환하면서 데이터가 손실될 수 있습니다.
c:\users\rnrjs\desktop\개발\opengl\homework2\homework2\main.cpp(318): warning C4244: '=': 'float'에서 'int'(으)로 변환하면서 데이터가 손실될 수 있습니다.
c:\users\rnrjs\desktop\개발\opengl\homework2\homework2\main.cpp(397): warning C4244: '=': 'int'에서 'float'(으)로 변환하면서 데이터가 손실될 수 있습니다.
c:\users\rnrjs\desktop\개발\opengl\homework2\homework2\main.cpp(398): warning C4244: '=': 'int'에서 'float'(으)로 변환하면서 데이터가 손실될 수 있습니다.
c:\users\rnrjs\desktop\개발\opengl\homework2\homework2\main.cpp(440): warning C4244: '=': 'int'에서 'float'(으)로 변환하면서 데이터가 손실될 수 있습니다.
c:\users\rnrjs\desktop\개발\opengl\homework2\homework2\main.cpp(447): warning C4244: '=': 'int'에서 'float'(으)로 변환하면서 데이터가 손실될 수 있습니다.
c:\users\rnrjs\desktop\개발\opengl\homework2\homework2\main.cpp(448): warning C4244: '=': 'int'에서 'float'(으)로 변환하면서 데이터가 손실될 수 있습니다.
c:\users\rnrjs\desktop\개발\opengl\homework2\homework2\main.cpp(455): warning C4326: 'main'의 반환 형식이 'int'이어야 하는데 'void'입니다.
c:\users\rnrjs\desktop\개발\opengl\homework2\homework2\main.cpp(516): warning C4244: '인수': 'int'에서 'GLfloat'(으)로 변환하면서 데이터가 손실될 수 있습니다.
c:\users\rnrjs\desktop\개발\opengl\homework2\homework2\main.cpp(531): warning C4244: '인수': 'int'에서 'GLfloat'(으)로 변환하면서 데이터가 손실될 수 있습니다.
c:\users\rnrjs\desktop\개발\opengl\homework2\homework2\main.cpp(545): warning C4244: '인수': 'int'에서 'GLfloat'(으)로 변환하면서 데이터가 손실될 수 있습니다.
c:\users\rnrjs\desktop\개발\opengl\homework2\homework2\main.cpp(557): warning C4244: '인수': 'int'에서 'GLfloat'(으)로 변환하면서 데이터가 손실될 수 있습니다.
c:\users\rnrjs\desktop\개발\opengl\homework2\homework2\main.cpp(645): warning C4244: '인수': 'int'에서 'GLfloat'(으)로 변환하면서 데이터가 손실될 수 있습니다.
c:\users\rnrjs\desktop\개발\opengl\homework2\homework2\main.cpp(661): warning C4244: '인수': 'int'에서 'GLfloat'(으)로 변환하면서 데이터가 손실될 수 있습니다.
c:\users\rnrjs\desktop\개발\opengl\homework2\homework2\main.cpp(674): warning C4244: '인수': 'int'에서 'GLfloat'(으)로 변환하면서 데이터가 손실될 수 있습니다.
c:\users\rnrjs\desktop\개발\opengl\homework2\homework2\main.cpp(696): warning C4244: '인수': 'int'에서 'GLfloat'(으)로 변환하면서 데이터가 손실될 수 있습니다.
c:\users\rnrjs\desktop\개발\opengl\homework2\homework2\main.cpp(709): warning C4244: '인수': 'int'에서 'GLfloat'(으)로 변환하면서 데이터가 손실될 수 있습니다.
c:\users\rnrjs\desktop\개발\opengl\homework2\homework2\main.cpp(745): warning C4244: '인수': 'int'에서 'GLfloat'(으)로 변환하면서 데이터가 손실될 수 있습니다.
c:\users\rnrjs\desktop\개발\opengl\homework2\homework2\main.cpp(776): warning C4244: '인수': 'int'에서 'GLfloat'(으)로 변환하면서 데이터가 손실될 수 있습니다.
c:\users\rnrjs\desktop\개발\opengl\homework2\homework2\main.cpp(867): warning C4244: '인수': 'int'에서 'GLfloat'(으)로 변환하면서 데이터가 손실될 수 있습니다.
  homework2.vcxproj -> C:\Users\rnrjs\Desktop\개발\OpenGL\homework2\Debug\homework2.exe
