  소스.cpp
c:\users\rnrjs\desktop\개발\opengl\ex1\ex1\소스.cpp(4): error C3646: 'color': 알 수 없는 재정의 지정자입니다.
c:\users\rnrjs\desktop\개발\opengl\ex1\ex1\소스.cpp(4): error C4430: 형식 지정자가 없습니다. int로 가정합니다. 참고: C++에서는 기본 int를 지원하지 않습니다.
c:\users\rnrjs\desktop\개발\opengl\ex1\ex1\소스.cpp(5): error C3646: 'direction': 알 수 없는 재정의 지정자입니다.
c:\users\rnrjs\desktop\개발\opengl\ex1\ex1\소스.cpp(5): error C4430: 형식 지정자가 없습니다. int로 가정합니다. 참고: C++에서는 기본 int를 지원하지 않습니다.
c:\users\rnrjs\desktop\개발\opengl\ex1\ex1\소스.cpp(6): error C3646: 'position': 알 수 없는 재정의 지정자입니다.
c:\users\rnrjs\desktop\개발\opengl\ex1\ex1\소스.cpp(6): error C4430: 형식 지정자가 없습니다. int로 가정합니다. 참고: C++에서는 기본 int를 지원하지 않습니다.
c:\users\rnrjs\desktop\개발\opengl\ex1\ex1\소스.cpp(11): error C4430: 형식 지정자가 없습니다. int로 가정합니다. 참고: C++에서는 기본 int를 지원하지 않습니다.
c:\users\rnrjs\desktop\개발\opengl\ex1\ex1\소스.cpp(11): error C2146: 구문 오류: ';'이(가) 'sampler2D' 식별자 앞에 없습니다.
c:\users\rnrjs\desktop\개발\opengl\ex1\ex1\소스.cpp(12): error C4430: 형식 지정자가 없습니다. int로 가정합니다. 참고: C++에서는 기본 int를 지원하지 않습니다.
c:\users\rnrjs\desktop\개발\opengl\ex1\ex1\소스.cpp(12): error C2086: 'int uniform': 재정의
  c:\users\rnrjs\desktop\개발\opengl\ex1\ex1\소스.cpp(11): note: 'uniform' 선언을 참조하십시오.
c:\users\rnrjs\desktop\개발\opengl\ex1\ex1\소스.cpp(12): error C2146: 구문 오류: ';'이(가) 'sampler2D' 식별자 앞에 없습니다.
c:\users\rnrjs\desktop\개발\opengl\ex1\ex1\소스.cpp(13): error C4430: 형식 지정자가 없습니다. int로 가정합니다. 참고: C++에서는 기본 int를 지원하지 않습니다.
c:\users\rnrjs\desktop\개발\opengl\ex1\ex1\소스.cpp(13): error C2146: 구문 오류: ';'이(가) 'vec4' 식별자 앞에 없습니다.
c:\users\rnrjs\desktop\개발\opengl\ex1\ex1\소스.cpp(14): error C4430: 형식 지정자가 없습니다. int로 가정합니다. 참고: C++에서는 기본 int를 지원하지 않습니다.
c:\users\rnrjs\desktop\개발\opengl\ex1\ex1\소스.cpp(14): error C2086: 'int varying': 재정의
  c:\users\rnrjs\desktop\개발\opengl\ex1\ex1\소스.cpp(13): note: 'varying' 선언을 참조하십시오.
c:\users\rnrjs\desktop\개발\opengl\ex1\ex1\소스.cpp(14): error C2146: 구문 오류: ';'이(가) 'vec3' 식별자 앞에 없습니다.
c:\users\rnrjs\desktop\개발\opengl\ex1\ex1\소스.cpp(15): error C4430: 형식 지정자가 없습니다. int로 가정합니다. 참고: C++에서는 기본 int를 지원하지 않습니다.
c:\users\rnrjs\desktop\개발\opengl\ex1\ex1\소스.cpp(15): error C2086: 'int varying': 재정의
  c:\users\rnrjs\desktop\개발\opengl\ex1\ex1\소스.cpp(13): note: 'varying' 선언을 참조하십시오.
c:\users\rnrjs\desktop\개발\opengl\ex1\ex1\소스.cpp(15): error C2146: 구문 오류: ';'이(가) 'vec3' 식별자 앞에 없습니다.
c:\users\rnrjs\desktop\개발\opengl\ex1\ex1\소스.cpp(16): error C4430: 형식 지정자가 없습니다. int로 가정합니다. 참고: C++에서는 기본 int를 지원하지 않습니다.
c:\users\rnrjs\desktop\개발\opengl\ex1\ex1\소스.cpp(16): error C2086: 'int varying': 재정의
  c:\users\rnrjs\desktop\개발\opengl\ex1\ex1\소스.cpp(13): note: 'varying' 선언을 참조하십시오.
c:\users\rnrjs\desktop\개발\opengl\ex1\ex1\소스.cpp(16): error C2146: 구문 오류: ';'이(가) 'mat4' 식별자 앞에 없습니다.
c:\users\rnrjs\desktop\개발\opengl\ex1\ex1\소스.cpp(17): error C4430: 형식 지정자가 없습니다. int로 가정합니다. 참고: C++에서는 기본 int를 지원하지 않습니다.
c:\users\rnrjs\desktop\개발\opengl\ex1\ex1\소스.cpp(17): error C2086: 'int uniform': 재정의
  c:\users\rnrjs\desktop\개발\opengl\ex1\ex1\소스.cpp(11): note: 'uniform' 선언을 참조하십시오.
c:\users\rnrjs\desktop\개발\opengl\ex1\ex1\소스.cpp(17): error C2146: 구문 오류: ';'이(가) 'Light' 식별자 앞에 없습니다.
c:\users\rnrjs\desktop\개발\opengl\ex1\ex1\소스.cpp(19): error C4430: 형식 지정자가 없습니다. int로 가정합니다. 참고: C++에서는 기본 int를 지원하지 않습니다.
c:\users\rnrjs\desktop\개발\opengl\ex1\ex1\소스.cpp(19): error C2146: 구문 오류: ';'이(가) 'calcShadow' 식별자 앞에 없습니다.
c:\users\rnrjs\desktop\개발\opengl\ex1\ex1\소스.cpp(20): error C2143: 구문 오류: ';'이(가) '{' 앞에 없습니다.
c:\users\rnrjs\desktop\개발\opengl\ex1\ex1\소스.cpp(20): error C2447: '{': 함수 헤더가 없습니다. 이전 스타일의 형식 목록입니까?
c:\users\rnrjs\desktop\개발\opengl\ex1\ex1\소스.cpp(48): error C4430: 형식 지정자가 없습니다. int로 가정합니다. 참고: C++에서는 기본 int를 지원하지 않습니다.
c:\users\rnrjs\desktop\개발\opengl\ex1\ex1\소스.cpp(48): error C2146: 구문 오류: ';'이(가) 'calcLight' 식별자 앞에 없습니다.
c:\users\rnrjs\desktop\개발\opengl\ex1\ex1\소스.cpp(49): error C2143: 구문 오류: ';'이(가) '{' 앞에 없습니다.
c:\users\rnrjs\desktop\개발\opengl\ex1\ex1\소스.cpp(49): error C2447: '{': 함수 헤더가 없습니다. 이전 스타일의 형식 목록입니까?
c:\users\rnrjs\desktop\개발\opengl\ex1\ex1\소스.cpp(82): warning C4326: 'main'의 반환 형식이 'int'이어야 하는데 'void'입니다.
c:\users\rnrjs\desktop\개발\opengl\ex1\ex1\소스.cpp(83): error C2146: 구문 오류: ';'이(가) 'ambientLight' 식별자 앞에 없습니다.
c:\users\rnrjs\desktop\개발\opengl\ex1\ex1\소스.cpp(83): error C2065: 'ambientLight': 선언되지 않은 식별자입니다.
c:\users\rnrjs\desktop\개발\opengl\ex1\ex1\소스.cpp(83): error C2064: 항은 3개의 인수를 받아들이는 함수로 계산되지 않습니다.
c:\users\rnrjs\desktop\개발\opengl\ex1\ex1\소스.cpp(84): error C2146: 구문 오류: ';'이(가) 'diffuseLight' 식별자 앞에 없습니다.
c:\users\rnrjs\desktop\개발\opengl\ex1\ex1\소스.cpp(84): error C2065: 'diffuseLight': 선언되지 않은 식별자입니다.
c:\users\rnrjs\desktop\개발\opengl\ex1\ex1\소스.cpp(84): error C3861: 'calcLight': 식별자를 찾을 수 없습니다.
c:\users\rnrjs\desktop\개발\opengl\ex1\ex1\소스.cpp(85): error C2146: 구문 오류: ';'이(가) 'totalLight' 식별자 앞에 없습니다.
c:\users\rnrjs\desktop\개발\opengl\ex1\ex1\소스.cpp(85): error C2065: 'totalLight': 선언되지 않은 식별자입니다.
c:\users\rnrjs\desktop\개발\opengl\ex1\ex1\소스.cpp(85): error C2065: 'ambientLight': 선언되지 않은 식별자입니다.
c:\users\rnrjs\desktop\개발\opengl\ex1\ex1\소스.cpp(85): error C2065: 'diffuseLight': 선언되지 않은 식별자입니다.
c:\users\rnrjs\desktop\개발\opengl\ex1\ex1\소스.cpp(85): error C2064: 항은 2개의 인수를 받아들이는 함수로 계산되지 않습니다.
c:\users\rnrjs\desktop\개발\opengl\ex1\ex1\소스.cpp(86): error C2146: 구문 오류: ';'이(가) 'shadow' 식별자 앞에 없습니다.
c:\users\rnrjs\desktop\개발\opengl\ex1\ex1\소스.cpp(86): error C2065: 'shadow': 선언되지 않은 식별자입니다.
c:\users\rnrjs\desktop\개발\opengl\ex1\ex1\소스.cpp(86): error C3861: 'calcShadow': 식별자를 찾을 수 없습니다.
c:\users\rnrjs\desktop\개발\opengl\ex1\ex1\소스.cpp(87): error C2146: 구문 오류: ';'이(가) 'color' 식별자 앞에 없습니다.
c:\users\rnrjs\desktop\개발\opengl\ex1\ex1\소스.cpp(87): error C2065: 'color': 선언되지 않은 식별자입니다.
c:\users\rnrjs\desktop\개발\opengl\ex1\ex1\소스.cpp(87): error C2065: 'u_modelTexture': 선언되지 않은 식별자입니다.
c:\users\rnrjs\desktop\개발\opengl\ex1\ex1\소스.cpp(87): error C2065: 'gl_TexCoord': 선언되지 않은 식별자입니다.
c:\users\rnrjs\desktop\개발\opengl\ex1\ex1\소스.cpp(87): error C3861: 'texture2D': 식별자를 찾을 수 없습니다.
c:\users\rnrjs\desktop\개발\opengl\ex1\ex1\소스.cpp(88): error C2065: 'gl_FragColor': 선언되지 않은 식별자입니다.
c:\users\rnrjs\desktop\개발\opengl\ex1\ex1\소스.cpp(88): error C2065: 'shadow': 선언되지 않은 식별자입니다.
c:\users\rnrjs\desktop\개발\opengl\ex1\ex1\소스.cpp(88): error C2065: 'color': 선언되지 않은 식별자입니다.
c:\users\rnrjs\desktop\개발\opengl\ex1\ex1\소스.cpp(88): error C2065: 'totalLight': 선언되지 않은 식별자입니다.
