  main.cpp
c:\users\구건모\desktop\개발\opengl\homework1\homework1\main.cpp(154): warning C4244: '초기화 중': 'float'에서 'int'(으)로 변환하면서 데이터가 손실될 수 있습니다.
c:\users\구건모\desktop\개발\opengl\homework1\homework1\main.cpp(155): warning C4244: '초기화 중': 'float'에서 'int'(으)로 변환하면서 데이터가 손실될 수 있습니다.
c:\users\구건모\desktop\개발\opengl\homework1\homework1\main.cpp(182): warning C4244: '=': 'int'에서 'float'(으)로 변환하면서 데이터가 손실될 수 있습니다.
c:\users\구건모\desktop\개발\opengl\homework1\homework1\main.cpp(183): warning C4244: '=': 'int'에서 'float'(으)로 변환하면서 데이터가 손실될 수 있습니다.
c:\users\구건모\desktop\개발\opengl\homework1\homework1\main.cpp(184): warning C4244: '=': 'int'에서 'float'(으)로 변환하면서 데이터가 손실될 수 있습니다.
c:\users\구건모\desktop\개발\opengl\homework1\homework1\main.cpp(185): warning C4244: '=': 'int'에서 'float'(으)로 변환하면서 데이터가 손실될 수 있습니다.
c:\users\구건모\desktop\개발\opengl\homework1\homework1\main.cpp(192): warning C4244: '=': 'int'에서 'float'(으)로 변환하면서 데이터가 손실될 수 있습니다.
c:\users\구건모\desktop\개발\opengl\homework1\homework1\main.cpp(193): warning C4244: '=': 'int'에서 'float'(으)로 변환하면서 데이터가 손실될 수 있습니다.
c:\users\구건모\desktop\개발\opengl\homework1\homework1\main.cpp(198): warning C4244: '=': 'int'에서 'float'(으)로 변환하면서 데이터가 손실될 수 있습니다.
c:\users\구건모\desktop\개발\opengl\homework1\homework1\main.cpp(199): warning C4244: '=': 'int'에서 'float'(으)로 변환하면서 데이터가 손실될 수 있습니다.
c:\users\구건모\desktop\개발\opengl\homework1\homework1\main.cpp(230): warning C4244: '초기화 중': 'float'에서 'int'(으)로 변환하면서 데이터가 손실될 수 있습니다.
c:\users\구건모\desktop\개발\opengl\homework1\homework1\main.cpp(276): warning C4244: '=': 'int'에서 'float'(으)로 변환하면서 데이터가 손실될 수 있습니다.
c:\users\구건모\desktop\개발\opengl\homework1\homework1\main.cpp(277): warning C4244: '=': 'int'에서 'float'(으)로 변환하면서 데이터가 손실될 수 있습니다.
c:\users\구건모\desktop\개발\opengl\homework1\homework1\main.cpp(331): warning C4244: '=': 'int'에서 'float'(으)로 변환하면서 데이터가 손실될 수 있습니다.
c:\users\구건모\desktop\개발\opengl\homework1\homework1\main.cpp(332): warning C4244: '=': 'int'에서 'float'(으)로 변환하면서 데이터가 손실될 수 있습니다.
c:\users\구건모\desktop\개발\opengl\homework1\homework1\main.cpp(402): warning C4244: '=': 'int'에서 'float'(으)로 변환하면서 데이터가 손실될 수 있습니다.
c:\users\구건모\desktop\개발\opengl\homework1\homework1\main.cpp(403): warning C4244: '=': 'int'에서 'float'(으)로 변환하면서 데이터가 손실될 수 있습니다.
c:\users\구건모\desktop\개발\opengl\homework1\homework1\main.cpp(408): warning C4244: '=': 'int'에서 'float'(으)로 변환하면서 데이터가 손실될 수 있습니다.
c:\users\구건모\desktop\개발\opengl\homework1\homework1\main.cpp(409): warning C4244: '=': 'int'에서 'float'(으)로 변환하면서 데이터가 손실될 수 있습니다.
c:\users\구건모\desktop\개발\opengl\homework1\homework1\main.cpp(413): warning C4244: '=': 'int'에서 'float'(으)로 변환하면서 데이터가 손실될 수 있습니다.
c:\users\구건모\desktop\개발\opengl\homework1\homework1\main.cpp(414): warning C4244: '=': 'int'에서 'float'(으)로 변환하면서 데이터가 손실될 수 있습니다.
c:\users\구건모\desktop\개발\opengl\homework1\homework1\main.cpp(419): warning C4326: 'main'의 반환 형식이 'int'이어야 하는데 'void'입니다.
c:\users\구건모\desktop\개발\opengl\homework1\homework1\main.cpp(420): warning C4244: '인수': 'time_t'에서 'unsigned int'(으)로 변환하면서 데이터가 손실될 수 있습니다.
c:\users\구건모\desktop\개발\opengl\homework1\homework1\main.cpp(423): warning C4244: '=': 'int'에서 'float'(으)로 변환하면서 데이터가 손실될 수 있습니다.
c:\users\구건모\desktop\개발\opengl\homework1\homework1\main.cpp(488): warning C4244: '인수': 'int'에서 'GLfloat'(으)로 변환하면서 데이터가 손실될 수 있습니다.
c:\users\구건모\desktop\개발\opengl\homework1\homework1\main.cpp(490): warning C4244: '인수': 'int'에서 'GLfloat'(으)로 변환하면서 데이터가 손실될 수 있습니다.
c:\users\구건모\desktop\개발\opengl\homework1\homework1\main.cpp(499): warning C4244: '인수': 'int'에서 'GLfloat'(으)로 변환하면서 데이터가 손실될 수 있습니다.
c:\users\구건모\desktop\개발\opengl\homework1\homework1\main.cpp(500): warning C4244: '인수': 'int'에서 'GLfloat'(으)로 변환하면서 데이터가 손실될 수 있습니다.
c:\users\구건모\desktop\개발\opengl\homework1\homework1\main.cpp(504): warning C4244: '인수': 'int'에서 'GLfloat'(으)로 변환하면서 데이터가 손실될 수 있습니다.
c:\users\구건모\desktop\개발\opengl\homework1\homework1\main.cpp(505): warning C4244: '인수': 'int'에서 'GLfloat'(으)로 변환하면서 데이터가 손실될 수 있습니다.
c:\users\구건모\desktop\개발\opengl\homework1\homework1\main.cpp(516): warning C4244: '인수': 'int'에서 'GLfloat'(으)로 변환하면서 데이터가 손실될 수 있습니다.
c:\users\구건모\desktop\개발\opengl\homework1\homework1\main.cpp(551): warning C4244: '인수': 'int'에서 'GLfloat'(으)로 변환하면서 데이터가 손실될 수 있습니다.
  homework1.vcxproj -> C:\Users\구건모\Desktop\개발\OpenGL\homework1\Debug\homework1.exe
